{"level":"info","message":"Starting extraction for Uttar Pradesh with max 100 records","service":"rera-extractor","timestamp":"2026-03-31 21:48:41"}
{"level":"info","message":"Extracted 0 records for Uttar Pradesh","service":"rera-extractor","timestamp":"2026-03-31 21:49:00"}
{"level":"info","message":"Starting extraction for Gujarat with max 100 records","service":"rera-extractor","timestamp":"2026-03-31 21:53:22"}
{"level":"info","message":"Extracted 0 records for Gujarat","service":"rera-extractor","timestamp":"2026-03-31 21:53:41"}
{"level":"info","message":"Starting extraction for Gujarat with max 100 records","service":"rera-extractor","timestamp":"2026-03-31 21:54:35"}
{"level":"info","message":"Starting extraction for Tamil Nadu with max 1 records","service":"rera-extractor","timestamp":"2026-03-31 21:54:49"}
{"level":"info","message":"Extracted 1 records for Tamil Nadu","service":"rera-extractor","timestamp":"2026-03-31 21:54:50"}
{"level":"info","message":"Extracted 0 records for Gujarat","service":"rera-extractor","timestamp":"2026-03-31 21:54:52"}
{"level":"info","message":"Starting extraction for Gujarat with max 10 records","service":"rera-extractor","timestamp":"2026-03-31 21:56:32"}
{"level":"info","message":"Extracted 0 records for Gujarat","service":"rera-extractor","timestamp":"2026-03-31 21:56:47"}
{"level":"info","message":"Starting extraction for Gujarat with max 1 records","service":"rera-extractor","timestamp":"2026-03-31 21:57:19"}
{"level":"info","message":"Extracted 0 records for Gujarat","service":"rera-extractor","timestamp":"2026-03-31 21:57:39"}
{"level":"info","message":"Starting extraction for Gujarat with max 1 records","service":"rera-extractor","timestamp":"2026-03-31 21:57:43"}
{"level":"info","message":"Extracted 0 records for Gujarat","service":"rera-extractor","timestamp":"2026-03-31 21:58:00"}
{"level":"info","message":"Starting extraction for Tamil Nadu with max 1 records","service":"rera-extractor","timestamp":"2026-03-31 21:58:08"}
{"level":"info","message":"Extracted 1 records for Tamil Nadu","service":"rera-extractor","timestamp":"2026-03-31 21:58:09"}
{"level":"info","message":"Starting extraction for Tamil Nadu with max 12 records","service":"rera-extractor","timestamp":"2026-03-31 21:58:47"}
{"level":"info","message":"Extracted 1 records for Tamil Nadu","service":"rera-extractor","timestamp":"2026-03-31 21:58:47"}
{"level":"info","message":"Starting extraction for Delhi with max 1 records","service":"rera-extractor","timestamp":"2026-03-31 22:03:04"}
{"level":"info","message":"Extracted 0 records for Delhi","service":"rera-extractor","timestamp":"2026-03-31 22:03:04"}
{"level":"info","message":"Starting extraction for Delhi with max 1 records","service":"rera-extractor","timestamp":"2026-03-31 22:03:05"}
{"level":"info","message":"Extracted 0 records for Delhi","service":"rera-extractor","timestamp":"2026-03-31 22:03:05"}
{"level":"info","message":"Starting extraction for Haryana with max 1 records","service":"rera-extractor","timestamp":"2026-03-31 22:03:12"}
{"level":"info","message":"Extracted 1 records for Haryana","service":"rera-extractor","timestamp":"2026-03-31 22:03:15"}
{"level":"info","message":"Starting extraction for Kerala with max 1 records","service":"rera-extractor","timestamp":"2026-03-31 22:03:31"}
{"level":"info","message":"Extracted 0 records for Kerala","service":"rera-extractor","timestamp":"2026-03-31 22:03:44"}
{"level":"info","message":"Starting extraction for West Bengal with max 1 records","service":"rera-extractor","timestamp":"2026-03-31 22:03:49"}
{"level":"info","message":"Extracted 0 records for West Bengal","service":"rera-extractor","timestamp":"2026-03-31 22:03:59"}
{"level":"info","message":"Starting extraction for Rajasthan with max 1 records","service":"rera-extractor","timestamp":"2026-03-31 22:04:07"}
{"level":"info","message":"Extracted 0 records for Rajasthan","service":"rera-extractor","timestamp":"2026-03-31 22:04:10"}
{"level":"info","message":"Starting extraction for Assam with max 1 records","service":"rera-extractor","timestamp":"2026-03-31 22:04:15"}
{"level":"info","message":"Extracted 1 records for Assam","service":"rera-extractor","timestamp":"2026-03-31 22:04:20"}
{"level":"info","message":"Starting extraction for Gujarat with max 1 records","service":"rera-extractor","timestamp":"2026-03-31 22:07:01"}
{"level":"info","message":"Extracted 0 records for Gujarat","service":"rera-extractor","timestamp":"2026-03-31 22:07:19"}
{"level":"info","message":"Starting extraction for Tamil Nadu with max 2 records","service":"rera-extractor","timestamp":"2026-03-31 22:07:26"}
{"level":"info","message":"Extracted 1 records for Tamil Nadu","service":"rera-extractor","timestamp":"2026-03-31 22:07:26"}
{"level":"info","message":"Starting extraction for Tamil Nadu with max 2 records","service":"rera-extractor","timestamp":"2026-03-31 22:19:52"}
{"level":"info","message":"Extracted 1 records for Tamil Nadu","service":"rera-extractor","timestamp":"2026-03-31 22:19:52"}
{"level":"info","message":"Starting extraction for Uttar Pradesh with max 1 records","service":"rera-extractor","timestamp":"2026-03-31 22:22:56"}
{"level":"info","message":"Extracted 0 records for Uttar Pradesh","service":"rera-extractor","timestamp":"2026-03-31 22:23:23"}
{"level":"info","message":"Starting extraction for Tamil Nadu with max 1 records","service":"rera-extractor","timestamp":"2026-03-31 22:23:28"}
{"level":"info","message":"Extracted 1 records for Tamil Nadu","service":"rera-extractor","timestamp":"2026-03-31 22:23:28"}
{"level":"info","message":"Starting extraction for Delhi with max 1 records","service":"rera-extractor","timestamp":"2026-03-31 22:27:23"}
{"level":"info","message":"Extracted 0 records for Delhi","service":"rera-extractor","timestamp":"2026-03-31 22:27:23"}
{"level":"info","message":"Starting extraction for Tamil Nadu with max 1 records","service":"rera-extractor","timestamp":"2026-03-31 22:27:29"}
{"level":"info","message":"Extracted 1 records for Tamil Nadu","service":"rera-extractor","timestamp":"2026-03-31 22:27:30"}
{"level":"info","message":"Starting extraction for Madhya Pradesh with max 1 records","service":"rera-extractor","timestamp":"2026-03-31 22:31:33"}
{"level":"info","message":"Extracted 0 records for Madhya Pradesh","service":"rera-extractor","timestamp":"2026-03-31 22:31:34"}
{"level":"info","message":"Starting extraction for Madhya Pradesh with max 10 records","service":"rera-extractor","timestamp":"2026-03-31 22:34:11"}
{"level":"info","message":"Extracted 0 records for Madhya Pradesh","service":"rera-extractor","timestamp":"2026-03-31 22:34:12"}
{"level":"info","message":"Starting extraction for Tamil Nadu with max 10 records","service":"rera-extractor","timestamp":"2026-03-31 22:34:15"}
{"level":"info","message":"Extracted 1 records for Tamil Nadu","service":"rera-extractor","timestamp":"2026-03-31 22:34:15"}
{"level":"info","message":"Starting extraction for Tamil Nadu with max 10 records","service":"rera-extractor","timestamp":"2026-03-31 22:40:43"}
{"level":"info","message":"Extracted 1 records for Tamil Nadu","service":"rera-extractor","timestamp":"2026-03-31 22:40:43"}
{"level":"info","message":"Starting extraction for Tamil Nadu with max 1 records","service":"rera-extractor","timestamp":"2026-03-31 22:44:03"}
{"level":"info","message":"Extracted 1 records for Tamil Nadu","service":"rera-extractor","timestamp":"2026-03-31 22:44:03"}
{"level":"info","message":"Starting extraction for Tamil Nadu with max 1 records","service":"rera-extractor","timestamp":"2026-03-31 22:44:44"}
{"level":"info","message":"Extracted 1 records for Tamil Nadu","service":"rera-extractor","timestamp":"2026-03-31 22:44:45"}
{"level":"info","message":"Starting extraction for Tamil Nadu with max 1 records","service":"rera-extractor","timestamp":"2026-03-31 22:47:15"}
{"level":"info","message":"Extracted 1 records for Tamil Nadu","service":"rera-extractor","timestamp":"2026-03-31 22:47:15"}
{"level":"info","message":"Starting extraction for Tamil Nadu with max 2 records","service":"rera-extractor","timestamp":"2026-03-31 22:47:31"}
{"level":"info","message":"Extracted 1 records for Tamil Nadu","service":"rera-extractor","timestamp":"2026-03-31 22:47:31"}
{"level":"info","message":"Starting extraction for Tamil Nadu with max 2 records","service":"rera-extractor","timestamp":"2026-03-31 22:51:06"}
{"level":"info","message":"Extracted 1 records for Tamil Nadu","service":"rera-extractor","timestamp":"2026-03-31 22:51:07"}
{"level":"info","message":"Starting extraction for Tamil Nadu with max 10 records","service":"rera-extractor","timestamp":"2026-03-31 22:52:31"}
{"level":"info","message":"Extracted 1 records for Tamil Nadu","service":"rera-extractor","timestamp":"2026-03-31 22:52:31"}
{"level":"info","message":"Starting extraction for Tamil Nadu with max 3 records","service":"rera-extractor","timestamp":"2026-03-31 22:54:28"}
{"level":"info","message":"Extracted 1 records for Tamil Nadu","service":"rera-extractor","timestamp":"2026-03-31 22:54:40"}
{"level":"info","message":"Starting extraction for Tamil Nadu with max 10 records","service":"rera-extractor","timestamp":"2026-03-31 22:58:52"}
{"level":"info","message":"Extracted 10 records for Tamil Nadu","service":"rera-extractor","timestamp":"2026-03-31 22:59:04"}
{"level":"info","message":"Starting extraction for Uttar Pradesh with max 10 records","service":"rera-extractor","timestamp":"2026-04-01 09:38:07"}
{"level":"info","message":"Extracted 0 records for Uttar Pradesh","service":"rera-extractor","timestamp":"2026-04-01 09:38:34"}
{"level":"info","message":"Starting extraction for Tamil Nadu with max 10 records","service":"rera-extractor","timestamp":"2026-04-01 09:41:11"}
{"level":"info","message":"Extracted 1 records for Tamil Nadu","service":"rera-extractor","timestamp":"2026-04-01 09:41:15"}
{"level":"info","message":"Starting extraction for Tamil Nadu with max 10 records","service":"rera-extractor","timestamp":"2026-04-01 09:41:36"}
{"level":"info","message":"Extracted 10 records for Tamil Nadu","service":"rera-extractor","timestamp":"2026-04-01 09:41:40"}
{"level":"info","message":"Starting extraction for Tamil Nadu with max 10 records","service":"rera-extractor","timestamp":"2026-04-01 09:41:51"}
{"level":"info","message":"Starting extraction for Tamil Nadu with max 10 records","service":"rera-extractor","timestamp":"2026-04-01 09:42:16"}
{"level":"info","message":"Extracted 0 records for Tamil Nadu","service":"rera-extractor","timestamp":"2026-04-01 09:42:19"}
{"level":"info","message":"Extracted 0 records for Tamil Nadu","service":"rera-extractor","timestamp":"2026-04-01 09:42:44"}
{"level":"info","message":"Starting extraction for Tamil Nadu with max 10 records","service":"rera-extractor","timestamp":"2026-04-01 09:42:51"}
{"level":"info","message":"Extracted 10 records for Tamil Nadu","service":"rera-extractor","timestamp":"2026-04-01 09:42:56"}
{"level":"info","message":"Starting extraction for Punjab with max 10 records","service":"rera-extractor","timestamp":"2026-04-01 09:43:28"}
{"level":"info","message":"Extracted 0 records for Punjab","service":"rera-extractor","timestamp":"2026-04-01 09:43:30"}
{"level":"info","message":"Starting extraction for Madhya Pradesh with max 10 records","service":"rera-extractor","timestamp":"2026-04-01 09:44:22"}
{"level":"info","message":"Extracted 0 records for Madhya Pradesh","service":"rera-extractor","timestamp":"2026-04-01 09:44:22"}
{"level":"info","message":"Starting extraction for Tamil Nadu with max 112 records","service":"rera-extractor","timestamp":"2026-04-01 09:45:09"}
{"level":"info","message":"Extracted 10 records for Tamil Nadu","service":"rera-extractor","timestamp":"2026-04-01 09:45:14"}
{"level":"info","message":"Starting extraction for Tamil Nadu with max 3 records","service":"rera-extractor","timestamp":"2026-04-01 09:45:38"}
{"level":"info","message":"Extracted 3 records for Tamil Nadu","service":"rera-extractor","timestamp":"2026-04-01 09:45:43"}
{"level":"info","message":"Starting extraction for Punjab with max 4 records","service":"rera-extractor","timestamp":"2026-04-01 09:47:40"}
{"level":"info","message":"Extracted 0 records for Punjab","service":"rera-extractor","timestamp":"2026-04-01 09:47:53"}
{"level":"info","message":"Starting extraction for Haryana with max 4 records","service":"rera-extractor","timestamp":"2026-04-01 09:48:25"}
{"level":"info","message":"Extracted 4 records for Haryana","service":"rera-extractor","timestamp":"2026-04-01 09:48:29"}
{"level":"info","message":"Starting extraction for Tamil Nadu with max 4 records","service":"rera-extractor","timestamp":"2026-04-01 09:48:52"}
{"level":"info","message":"Extracted 1 records for Tamil Nadu","service":"rera-extractor","timestamp":"2026-04-01 09:49:24"}
{"level":"info","message":"Starting extraction for Tamil Nadu with max 4 records","service":"rera-extractor","timestamp":"2026-04-01 09:52:39"}
{"level":"info","message":"Extracted 4 records for Tamil Nadu","service":"rera-extractor","timestamp":"2026-04-01 09:52:42"}
{"level":"info","message":"Starting extraction for Tamil Nadu with max 12 records","service":"rera-extractor","timestamp":"2026-04-01 10:17:10"}
{"level":"info","message":"Extracted 10 records for Tamil Nadu","service":"rera-extractor","timestamp":"2026-04-01 10:17:16"}
{"level":"info","message":"Starting extraction for Tamil Nadu with max 12 records","service":"rera-extractor","timestamp":"2026-04-01 10:48:07"}
{"level":"info","message":"Extracted 0 records for Tamil Nadu","service":"rera-extractor","timestamp":"2026-04-01 10:48:13"}
{"level":"info","message":"Starting extraction for Tamil Nadu with max 12 records","service":"rera-extractor","timestamp":"2026-04-01 10:48:21"}
{"level":"info","message":"Extracted 1 records for Tamil Nadu","service":"rera-extractor","timestamp":"2026-04-01 10:48:53"}
{"level":"info","message":"Starting extraction for Tamil Nadu with max 12 records","service":"rera-extractor","timestamp":"2026-04-01 10:50:02"}
{"level":"info","message":"Extracted 10 records for Tamil Nadu","service":"rera-extractor","timestamp":"2026-04-01 10:50:06"}
{"level":"info","message":"Starting extraction for Tamil Nadu with max 12 records","service":"rera-extractor","timestamp":"2026-04-01 10:54:21"}
{"level":"info","message":"Extracted 1 records for Tamil Nadu","service":"rera-extractor","timestamp":"2026-04-01 10:54:38"}
{"level":"info","message":"Starting extraction for Tamil Nadu with max 3 records","service":"rera-extractor","timestamp":"2026-04-01 11:00:09"}
{"level":"info","message":"Extracted 1 records for Tamil Nadu","service":"rera-extractor","timestamp":"2026-04-01 11:00:40"}
{"level":"info","message":"Starting extraction for Tamil Nadu with max 10 records","service":"rera-extractor","timestamp":"2026-04-01 11:11:03"}
{"level":"info","message":"Extracted 10 records for Tamil Nadu","service":"rera-extractor","timestamp":"2026-04-01 11:11:07"}
{"level":"info","message":"Starting extraction for Tamil Nadu with max 12 records","service":"rera-extractor","timestamp":"2026-04-01 11:26:42"}
{"level":"info","message":"Extracted 0 records for Tamil Nadu","service":"rera-extractor","timestamp":"2026-04-01 11:27:08"}
{"level":"info","message":"Starting extraction for Tamil Nadu with max 12 records","service":"rera-extractor","timestamp":"2026-04-01 11:27:14"}
{"level":"info","message":"Extracted 0 records for Tamil Nadu","service":"rera-extractor","timestamp":"2026-04-01 11:27:17"}
{"level":"info","message":"Starting extraction for Tamil Nadu with max 10 records","service":"rera-extractor","timestamp":"2026-04-01 11:29:49"}
{"level":"info","message":"Extracted 1 records for Tamil Nadu","service":"rera-extractor","timestamp":"2026-04-01 11:30:20"}
{"level":"info","message":"Starting extraction for Tamil Nadu with max 10 records","service":"rera-extractor","timestamp":"2026-04-01 11:30:45"}
{"level":"info","message":"Extracted 0 records for Tamil Nadu","service":"rera-extractor","timestamp":"2026-04-01 11:31:14"}
{"level":"info","message":"Starting extraction for Tamil Nadu with max 10 records","service":"rera-extractor","timestamp":"2026-04-01 11:31:15"}
{"level":"info","message":"Extracted 0 records for Tamil Nadu","service":"rera-extractor","timestamp":"2026-04-01 11:31:36"}
{"level":"info","message":"Starting extraction for Tamil Nadu with max 2 records","service":"rera-extractor","timestamp":"2026-04-01 11:32:08"}
{"level":"info","message":"Extracted 2 records for Tamil Nadu","service":"rera-extractor","timestamp":"2026-04-01 11:32:22"}
{"level":"info","message":"Starting extraction for Tamil Nadu with max 2 records","service":"rera-extractor","timestamp":"2026-04-01 11:32:48"}
{"level":"info","message":"Extracted 0 records for Tamil Nadu","service":"rera-extractor","timestamp":"2026-04-01 11:33:14"}
{"level":"info","message":"Starting extraction for Tamil Nadu with max 2 records","service":"rera-extractor","timestamp":"2026-04-01 11:33:19"}
{"level":"info","message":"Extracted 2 records for Tamil Nadu","service":"rera-extractor","timestamp":"2026-04-01 11:33:22"}
{"level":"info","message":"Starting extraction for Tamil Nadu with max 12 records","service":"rera-extractor","timestamp":"2026-04-01 11:40:24"}
{"level":"info","message":"Extracted 0 records for Tamil Nadu","service":"rera-extractor","timestamp":"2026-04-01 11:40:38"}
{"level":"info","message":"Starting extraction for Tamil Nadu with max 12 records","service":"rera-extractor","timestamp":"2026-04-01 11:44:45"}
{"level":"info","message":"Extracted 12 records for Tamil Nadu","service":"rera-extractor","timestamp":"2026-04-01 11:44:57"}
{"level":"info","message":"Starting extraction for Tamil Nadu with max 12 records","service":"rera-extractor","timestamp":"2026-04-01 11:48:06"}
{"level":"info","message":"Extracted 12 records for Tamil Nadu","service":"rera-extractor","timestamp":"2026-04-01 11:48:16"}
{"level":"info","message":"Starting extraction for Haryana with max 1 records","service":"rera-extractor","timestamp":"2026-04-01 12:08:49"}
{"level":"info","message":"Extracted 1 records for Haryana","service":"rera-extractor","timestamp":"2026-04-01 12:08:51"}
{"level":"info","message":"Starting extraction for Haryana with max 1 records","service":"rera-extractor","timestamp":"2026-04-01 12:10:30"}
{"level":"info","message":"Extracted 1 records for Haryana","service":"rera-extractor","timestamp":"2026-04-01 12:10:34"}
{"level":"info","message":"Starting extraction for Haryana with max 10 records","service":"rera-extractor","timestamp":"2026-04-01 12:21:40"}
{"level":"info","message":"Extracted 0 records for Haryana","service":"rera-extractor","timestamp":"2026-04-01 12:21:46"}
{"level":"info","message":"Starting extraction for Haryana with max 1 records","service":"rera-extractor","timestamp":"2026-04-01 12:21:55"}
{"level":"info","message":"Extracted 0 records for Haryana","service":"rera-extractor","timestamp":"2026-04-01 12:22:02"}
{"level":"info","message":"Starting extraction for Haryana with max 1 records","service":"rera-extractor","timestamp":"2026-04-01 12:22:18"}
{"level":"info","message":"Extracted 1 records for Haryana","service":"rera-extractor","timestamp":"2026-04-01 12:22:21"}
{"level":"info","message":"Starting extraction for Haryana with max 10 records","service":"rera-extractor","timestamp":"2026-04-01 12:28:19"}
{"level":"info","message":"Extracted 10 records for Haryana","service":"rera-extractor","timestamp":"2026-04-01 12:28:29"}
{"level":"info","message":"Starting extraction for Haryana with max 10 records","service":"rera-extractor","timestamp":"2026-04-01 12:31:13"}
{"level":"info","message":"Extracted 0 records for Haryana","service":"rera-extractor","timestamp":"2026-04-01 12:31:19"}
{"level":"info","message":"Starting extraction for Haryana with max 10 records","service":"rera-extractor","timestamp":"2026-04-01 12:33:47"}
{"level":"info","message":"Extracted 10 records for Haryana","service":"rera-extractor","timestamp":"2026-04-01 12:34:11"}
{"level":"info","message":"Starting extraction for Haryana with max 10 records","service":"rera-extractor","timestamp":"2026-04-01 12:37:13"}
{"level":"info","message":"Extracted 0 records for Haryana","service":"rera-extractor","timestamp":"2026-04-01 12:37:20"}
{"level":"info","message":"Starting extraction for Haryana with max 1 records","service":"rera-extractor","timestamp":"2026-04-01 12:37:32"}
{"level":"info","message":"Extracted 0 records for Haryana","service":"rera-extractor","timestamp":"2026-04-01 12:37:39"}
{"level":"info","message":"Starting extraction for Haryana with max 1 records","service":"rera-extractor","timestamp":"2026-04-01 12:37:41"}
{"level":"info","message":"Extracted 0 records for Haryana","service":"rera-extractor","timestamp":"2026-04-01 12:37:51"}
{"level":"info","message":"Starting extraction for Haryana with max 10 records","service":"rera-extractor","timestamp":"2026-04-01 12:39:45"}
{"level":"info","message":"Extracted 0 records for Haryana","service":"rera-extractor","timestamp":"2026-04-01 12:39:56"}
{"level":"info","message":"Starting extraction for Haryana with max 10 records","service":"rera-extractor","timestamp":"2026-04-01 12:46:39"}
{"level":"info","message":"Extracted 0 records for Haryana","service":"rera-extractor","timestamp":"2026-04-01 12:46:49"}
{"level":"info","message":"Starting extraction for Haryana with max 10 records","service":"rera-extractor","timestamp":"2026-04-01 12:51:39"}
{"level":"info","message":"Extracted 10 records for Haryana","service":"rera-extractor","timestamp":"2026-04-01 12:52:00"}
{"level":"info","message":"Starting extraction for Haryana with max 10 records","service":"rera-extractor","timestamp":"2026-04-01 12:53:47"}
{"level":"info","message":"Extracted 10 records for Haryana","service":"rera-extractor","timestamp":"2026-04-01 12:54:08"}
{"level":"info","message":"Starting extraction for Tamil Nadu with max 8 records","service":"rera-extractor","timestamp":"2026-04-01 13:55:13"}
{"level":"info","message":"Extracted 8 records for Tamil Nadu","service":"rera-extractor","timestamp":"2026-04-01 13:55:20"}
{"level":"info","message":"Starting extraction for Andhra Pradesh with max 8 records","service":"rera-extractor","timestamp":"2026-04-01 13:56:37"}
{"level":"info","message":"Extracted 8 records for Andhra Pradesh","service":"rera-extractor","timestamp":"2026-04-01 13:57:08"}
{"level":"info","message":"Starting extraction for Tamil Nadu with max 8 records","service":"rera-extractor","timestamp":"2026-04-01 13:57:37"}
{"level":"info","message":"Extracted 8 records for Tamil Nadu","service":"rera-extractor","timestamp":"2026-04-01 13:57:42"}
{"level":"info","message":"Starting extraction for Bihar with max 12 records","service":"rera-extractor","timestamp":"2026-04-01 14:06:55"}
{"level":"info","message":"Extracted 0 records for Bihar","service":"rera-extractor","timestamp":"2026-04-01 14:07:09"}
{"level":"info","message":"Starting extraction for Bihar with max 12 records","service":"rera-extractor","timestamp":"2026-04-01 14:08:05"}
{"level":"info","message":"Extracted 0 records for Bihar","service":"rera-extractor","timestamp":"2026-04-01 14:08:08"}
{"level":"info","message":"Starting extraction for Bihar with max 11 records","service":"rera-extractor","timestamp":"2026-04-01 14:12:46"}
{"level":"info","message":"Extracted 0 records for Bihar","service":"rera-extractor","timestamp":"2026-04-01 14:13:17"}
{"level":"info","message":"Starting extraction for Bihar with max 10 records","service":"rera-extractor","timestamp":"2026-04-01 14:15:18"}
{"level":"info","message":"Extracted 0 records for Bihar","service":"rera-extractor","timestamp":"2026-04-01 14:15:21"}
{"level":"info","message":"Starting extraction for Bihar with max 12 records","service":"rera-extractor","timestamp":"2026-04-01 14:21:07"}
{"level":"info","message":"Extracted 1 records for Bihar","service":"rera-extractor","timestamp":"2026-04-01 14:21:11"}
{"level":"info","message":"Starting extraction for Bihar with max 120 records","service":"rera-extractor","timestamp":"2026-04-01 14:21:24"}
{"level":"info","message":"Extracted 0 records for Bihar","service":"rera-extractor","timestamp":"2026-04-01 14:21:29"}
{"level":"info","message":"Starting extraction for Bihar with max 17 records","service":"rera-extractor","timestamp":"2026-04-01 14:21:38"}
{"level":"info","message":"Extracted 0 records for Bihar","service":"rera-extractor","timestamp":"2026-04-01 14:21:42"}
{"level":"info","message":"Starting extraction for Bihar with max 12 records","service":"rera-extractor","timestamp":"2026-04-01 14:21:45"}
{"level":"info","message":"Extracted 1 records for Bihar","service":"rera-extractor","timestamp":"2026-04-01 14:21:56"}
{"level":"info","message":"Starting extraction for Tamil Nadu with max 12 records","service":"rera-extractor","timestamp":"2026-04-01 14:39:07"}
{"level":"info","message":"Extracted 12 records for Tamil Nadu","service":"rera-extractor","timestamp":"2026-04-01 14:39:15"}
{"level":"info","message":"Starting extraction for Haryana with max 12 records","service":"rera-extractor","timestamp":"2026-04-01 14:39:51"}
{"level":"info","message":"Extracted 12 records for Haryana","service":"rera-extractor","timestamp":"2026-04-01 14:40:11"}
{"level":"info","message":"Starting extraction for Bihar with max 10 records","service":"rera-extractor","timestamp":"2026-04-01 15:15:56"}
{"level":"info","message":"Extracted 1 records for Bihar","service":"rera-extractor","timestamp":"2026-04-01 15:16:00"}
{"level":"info","message":"Starting extraction for Bihar with max 12 records","service":"rera-extractor","timestamp":"2026-04-01 15:27:02"}
{"level":"info","message":"Extracted 1 records for Bihar","service":"rera-extractor","timestamp":"2026-04-01 15:27:13"}
{"level":"info","message":"Starting extraction for Bihar with max 10 records","service":"rera-extractor","timestamp":"2026-04-01 15:30:51"}
{"level":"info","message":"Extracted 0 records for Bihar","service":"rera-extractor","timestamp":"2026-04-01 15:30:56"}
{"level":"info","message":"Starting extraction for Bihar with max 10 records","service":"rera-extractor","timestamp":"2026-04-01 15:31:14"}
{"level":"info","message":"Extracted 1 records for Bihar","service":"rera-extractor","timestamp":"2026-04-01 15:31:19"}
{"level":"info","message":"Starting extraction for Rajasthan with max 10 records","service":"rera-extractor","timestamp":"2026-04-01 15:33:26"}
{"level":"info","message":"Extracted 0 records for Rajasthan","service":"rera-extractor","timestamp":"2026-04-01 15:33:29"}
{"level":"info","message":"Starting extraction for Rajasthan with max 1 records","service":"rera-extractor","timestamp":"2026-04-01 15:33:34"}
{"level":"info","message":"Extracted 0 records for Rajasthan","service":"rera-extractor","timestamp":"2026-04-01 15:33:36"}
{"level":"info","message":"Starting extraction for Uttar Pradesh with max 1 records","service":"rera-extractor","timestamp":"2026-04-01 15:34:02"}
{"level":"info","message":"Extracted 0 records for Uttar Pradesh","service":"rera-extractor","timestamp":"2026-04-01 15:34:25"}
{"level":"info","message":"Starting extraction for Tamil Nadu with max 100 records","service":"rera-extractor","timestamp":"2026-04-01 15:34:26"}
{"level":"info","message":"Extracted 100 records for Tamil Nadu","service":"rera-extractor","timestamp":"2026-04-01 15:35:16"}
{"level":"info","message":"Starting extraction for Bihar with max 3 records","service":"rera-extractor","timestamp":"2026-04-01 15:40:42"}
{"level":"info","message":"Extracted 1 records for Bihar","service":"rera-extractor","timestamp":"2026-04-01 15:40:51"}
{"level":"info","message":"Starting extraction for Bihar with max 56 records","service":"rera-extractor","timestamp":"2026-04-01 15:40:58"}
{"level":"info","message":"Extracted 0 records for Bihar","service":"rera-extractor","timestamp":"2026-04-01 15:41:03"}
{"level":"info","message":"Starting extraction for Bihar with max 56 records","service":"rera-extractor","timestamp":"2026-04-01 15:41:05"}
{"level":"info","message":"Extracted 0 records for Bihar","service":"rera-extractor","timestamp":"2026-04-01 15:41:09"}
{"level":"info","message":"Starting extraction for Bihar with max 11 records","service":"rera-extractor","timestamp":"2026-04-01 15:41:14"}
{"level":"info","message":"Extracted 1 records for Bihar","service":"rera-extractor","timestamp":"2026-04-01 15:41:23"}
{"level":"info","message":"Starting extraction for Haryana with max 11 records","service":"rera-extractor","timestamp":"2026-04-01 15:41:58"}
{"level":"info","message":"Extracted 11 records for Haryana","service":"rera-extractor","timestamp":"2026-04-01 15:42:20"}
{"level":"info","message":"Starting extraction for Haryana with max 110 records","service":"rera-extractor","timestamp":"2026-04-01 15:42:57"}
{"level":"info","message":"Extracted 110 records for Haryana","service":"rera-extractor","timestamp":"2026-04-01 15:43:18"}
{"level":"info","message":"Starting extraction for Tamil Nadu with max 10 records","service":"rera-extractor","timestamp":"2026-04-02 16:25:56"}
{"level":"info","message":"Extracted 10 records for Tamil Nadu","service":"rera-extractor","timestamp":"2026-04-02 16:26:07"}
{"level":"info","message":"Starting extraction for Haryana with max 10 records","service":"rera-extractor","timestamp":"2026-04-02 16:27:08"}
{"level":"info","message":"Extracted 10 records for Haryana","service":"rera-extractor","timestamp":"2026-04-02 16:27:33"}
{"level":"info","message":"Starting extraction for Haryana with max 50 records","service":"rera-extractor","timestamp":"2026-04-02 16:28:58"}
{"level":"info","message":"Extracted 50 records for Haryana","service":"rera-extractor","timestamp":"2026-04-02 16:29:24"}
{"level":"info","message":"Starting extraction for Haryana with max 50 records","service":"rera-extractor","timestamp":"2026-04-02 16:30:07"}
{"level":"info","message":"Extracted 50 records for Haryana","service":"rera-extractor","timestamp":"2026-04-02 16:30:33"}
{"level":"info","message":"Starting extraction for Haryana with max 50 records","service":"rera-extractor","timestamp":"2026-04-02 16:31:06"}
{"level":"info","message":"Extracted 50 records for Haryana","service":"rera-extractor","timestamp":"2026-04-02 16:31:31"}
{"level":"info","message":"Starting extraction for Haryana with max 10 records","service":"rera-extractor","timestamp":"2026-04-08 09:54:33"}
{"level":"info","message":"Extracted 10 records for Haryana","service":"rera-extractor","timestamp":"2026-04-08 09:54:58"}
{"level":"info","message":"Starting extraction for Tamil Nadu with max 10 records","service":"rera-extractor","timestamp":"2026-04-10 09:54:19"}
{"level":"info","message":"Extracted 10 records for Tamil Nadu","service":"rera-extractor","timestamp":"2026-04-10 09:54:26"}
{"level":"info","message":"Starting extraction for Haryana with max 10 records","service":"rera-extractor","timestamp":"2026-04-10 09:54:44"}
{"level":"info","message":"Extracted 10 records for Haryana","service":"rera-extractor","timestamp":"2026-04-10 09:55:07"}
{"level":"info","message":"Starting extraction for Tamil Nadu with max 100 records","service":"rera-extractor","timestamp":"2026-04-15 15:47:53"}
{"level":"info","message":"Starting extraction for Haryana with max 10 records","service":"rera-extractor","timestamp":"2026-04-15 15:48:40"}
{"level":"info","message":"Extracted 0 records for Haryana","service":"rera-extractor","timestamp":"2026-04-15 15:49:05"}
{"level":"info","message":"Starting extraction for Haryana with max 10 records","service":"rera-extractor","timestamp":"2026-04-15 15:49:07"}
{"level":"info","message":"Extracted 0 records for Tamil Nadu","service":"rera-extractor","timestamp":"2026-04-15 15:50:31"}
{"level":"info","message":"Starting extraction for Tamil Nadu with max 10 records","service":"rera-extractor","timestamp":"2026-04-15 15:51:52"}
{"level":"info","message":"Extracted 0 records for Haryana","service":"rera-extractor","timestamp":"2026-04-15 15:52:23"}
{"level":"info","message":"Extracted 0 records for Tamil Nadu","service":"rera-extractor","timestamp":"2026-04-15 15:54:26"}
{"level":"info","message":"Starting extraction for Tamil Nadu with max 10 records","service":"rera-extractor","timestamp":"2026-04-15 15:57:24"}
{"level":"info","message":"Extracted 0 records for Tamil Nadu","service":"rera-extractor","timestamp":"2026-04-15 15:59:59"}
{"level":"info","message":"Starting extraction for Haryana with max 100 records","service":"rera-extractor","timestamp":"2026-04-16 20:19:00"}
{"level":"info","message":"Extracted 100 records for Haryana","service":"rera-extractor","timestamp":"2026-04-16 20:19:24"}
{"level":"info","message":"Starting extraction for Tamil Nadu with max 100 records","service":"rera-extractor","timestamp":"2026-04-16 20:20:29"}
{"level":"info","message":"Extracted 100 records for Tamil Nadu","service":"rera-extractor","timestamp":"2026-04-16 20:23:24"}
{"level":"info","message":"Starting extraction for Bihar with max 10 records","service":"rera-extractor","timestamp":"2026-04-16 20:25:51"}
{"level":"info","message":"Extracted 1 records for Bihar","service":"rera-extractor","timestamp":"2026-04-16 20:25:56"}
{"level":"info","message":"Starting extraction for Bihar with max 10 records","service":"rera-extractor","timestamp":"2026-04-16 20:30:11"}
{"level":"info","message":"Extracted 10 records for Bihar","service":"rera-extractor","timestamp":"2026-04-16 20:30:23"}
{"level":"info","message":"Starting extraction for Bihar with max 10 records","service":"rera-extractor","timestamp":"2026-04-16 20:34:03"}
{"level":"info","message":"Extracted 0 records for Bihar","service":"rera-extractor","timestamp":"2026-04-16 20:34:09"}
{"level":"info","message":"Starting extraction for Bihar with max 10 records","service":"rera-extractor","timestamp":"2026-04-16 20:34:23"}
{"level":"info","message":"Extracted 0 records for Bihar","service":"rera-extractor","timestamp":"2026-04-16 20:34:27"}
{"level":"info","message":"Starting extraction for Bihar with max 10 records","service":"rera-extractor","timestamp":"2026-04-16 20:35:51"}
{"level":"info","message":"Extracted 0 records for Bihar","service":"rera-extractor","timestamp":"2026-04-16 20:35:54"}
{"level":"info","message":"Starting extraction for Bihar with max 10 records","service":"rera-extractor","timestamp":"2026-04-16 20:38:10"}
{"level":"info","message":"Extracted 10 records for Bihar","service":"rera-extractor","timestamp":"2026-04-16 20:38:14"}
{"level":"info","message":"Starting extraction for Bihar with max 10 records","service":"rera-extractor","timestamp":"2026-04-16 20:41:59"}
{"level":"info","message":"Extracted 0 records for Bihar","service":"rera-extractor","timestamp":"2026-04-16 20:42:03"}
{"level":"info","message":"Starting extraction for Bihar with max 10 records","service":"rera-extractor","timestamp":"2026-04-16 20:43:08"}
{"level":"info","message":"Extracted 10 records for Bihar","service":"rera-extractor","timestamp":"2026-04-16 20:43:17"}
{"level":"info","message":"Starting extraction for Tamil Nadu with max 10 records","service":"rera-extractor","timestamp":"2026-04-16 20:48:13"}
{"level":"info","message":"Extracted 10 records for Tamil Nadu","service":"rera-extractor","timestamp":"2026-04-16 20:48:28"}
{"level":"info","message":"Starting extraction for Bihar with max 10 records","service":"rera-extractor","timestamp":"2026-04-16 20:48:46"}
{"level":"info","message":"Extracted 10 records for Bihar","service":"rera-extractor","timestamp":"2026-04-16 20:48:51"}
{"level":"info","message":"Starting extraction for Bihar with max 10 records","service":"rera-extractor","timestamp":"2026-04-16 20:50:39"}
{"level":"info","message":"Extracted 10 records for Bihar","service":"rera-extractor","timestamp":"2026-04-16 20:50:49"}
{"level":"info","message":"Starting extraction for Bihar with max 10 records","service":"rera-extractor","timestamp":"2026-04-16 20:51:46"}
{"level":"info","message":"Extracted 10 records for Bihar","service":"rera-extractor","timestamp":"2026-04-16 20:51:58"}
{"level":"info","message":"Starting extraction for Bihar with max 10 records","service":"rera-extractor","timestamp":"2026-04-16 20:53:08"}
{"level":"info","message":"Extracted 10 records for Bihar","service":"rera-extractor","timestamp":"2026-04-16 20:53:11"}
{"level":"info","message":"Starting extraction for Bihar with max 10 records","service":"rera-extractor","timestamp":"2026-04-16 20:55:14"}
{"level":"info","message":"Extracted 10 records for Bihar","service":"rera-extractor","timestamp":"2026-04-16 20:55:30"}
{"level":"info","message":"Starting extraction for Bihar with max 10 records","service":"rera-extractor","timestamp":"2026-04-16 20:58:33"}
{"level":"info","message":"Extracted 10 records for Bihar","service":"rera-extractor","timestamp":"2026-04-16 20:58:37"}
{"level":"info","message":"Starting extraction for Bihar with max 10 records","service":"rera-extractor","timestamp":"2026-04-16 21:01:22"}
{"level":"info","message":"Extracted 10 records for Bihar","service":"rera-extractor","timestamp":"2026-04-16 21:01:27"}
{"level":"info","message":"Starting extraction for Tamil Nadu with max 3 records","service":"rera-extractor","timestamp":"2026-04-16 21:01:43"}
{"level":"info","message":"Extracted 3 records for Tamil Nadu","service":"rera-extractor","timestamp":"2026-04-16 21:02:02"}
{"level":"info","message":"Starting extraction for Haryana with max 10 records","service":"rera-extractor","timestamp":"2026-04-16 21:24:14"}
{"level":"info","message":"Extracted 10 records for Haryana","service":"rera-extractor","timestamp":"2026-04-16 21:25:13"}
{"level":"info","message":"Starting extraction for Haryana with max 10 records","service":"rera-extractor","timestamp":"2026-04-16 21:29:14"}
{"level":"info","message":"Extracted 10 records for Haryana","service":"rera-extractor","timestamp":"2026-04-16 21:30:26"}
{"level":"info","message":"Starting extraction for Haryana with max 10 records","service":"rera-extractor","timestamp":"2026-04-16 21:31:34"}
{"level":"info","message":"Extracted 10 records for Haryana","service":"rera-extractor","timestamp":"2026-04-16 21:32:33"}
{"level":"info","message":"Starting extraction for Haryana with max 10 records","service":"rera-extractor","timestamp":"2026-04-16 21:37:41"}
{"level":"info","message":"Extracted 10 records for Haryana","service":"rera-extractor","timestamp":"2026-04-16 21:39:01"}
{"level":"info","message":"Starting extraction for Haryana with max 10 records","service":"rera-extractor","timestamp":"2026-04-16 21:47:27"}
{"level":"info","message":"Extracted 10 records for Haryana","service":"rera-extractor","timestamp":"2026-04-16 21:48:00"}
{"level":"info","message":"Starting extraction for Haryana with max 10 records","service":"rera-extractor","timestamp":"2026-04-16 22:01:54"}
{"level":"info","message":"Extracted 10 records for Haryana","service":"rera-extractor","timestamp":"2026-04-16 22:02:26"}
{"level":"info","message":"Starting extraction for Haryana with max 10 records","service":"rera-extractor","timestamp":"2026-04-16 22:07:01"}
{"level":"info","message":"Extracted 0 records for Haryana","service":"rera-extractor","timestamp":"2026-04-16 22:07:11"}
{"level":"info","message":"Starting extraction for Haryana with max 10 records","service":"rera-extractor","timestamp":"2026-04-16 22:10:58"}
{"level":"info","message":"Extracted 10 records for Haryana","service":"rera-extractor","timestamp":"2026-04-16 22:11:32"}
{"level":"info","message":"Starting extraction for Tamil Nadu with max 10 records","service":"rera-extractor","timestamp":"2026-04-17 09:32:07"}
{"level":"info","message":"Extracted 10 records for Tamil Nadu","service":"rera-extractor","timestamp":"2026-04-17 09:32:16"}
{"level":"info","message":"Starting extraction for Tamil Nadu with max 300 records","service":"rera-extractor","timestamp":"2026-04-17 10:03:33"}
{"level":"info","message":"Extracted 300 records for Tamil Nadu","service":"rera-extractor","timestamp":"2026-04-17 10:06:32"}
{"level":"info","message":"Starting extraction for Haryana with max 10 records","service":"rera-extractor","timestamp":"2026-04-17 10:12:07"}
{"level":"info","message":"Extracted 10 records for Haryana","service":"rera-extractor","timestamp":"2026-04-17 10:12:43"}
{"level":"info","message":"Starting extraction for Haryana with max 10 records","service":"rera-extractor","timestamp":"2026-04-17 10:16:57"}
{"level":"info","message":"Extracted 0 records for Haryana","service":"rera-extractor","timestamp":"2026-04-17 10:17:19"}
{"level":"info","message":"Starting extraction for Haryana with max 10 records","service":"rera-extractor","timestamp":"2026-04-17 10:17:39"}
{"level":"info","message":"Extracted 10 records for Haryana","service":"rera-extractor","timestamp":"2026-04-17 10:18:18"}
{"level":"info","message":"Starting extraction for Haryana with max 10 records","service":"rera-extractor","timestamp":"2026-04-17 10:18:54"}
{"level":"info","message":"Extracted 10 records for Haryana","service":"rera-extractor","timestamp":"2026-04-17 10:19:30"}
{"level":"info","message":"Starting extraction for Haryana with max 10 records","service":"rera-extractor","timestamp":"2026-04-17 10:20:17"}
{"level":"info","message":"Extracted 10 records for Haryana","service":"rera-extractor","timestamp":"2026-04-17 10:20:56"}
{"level":"info","message":"Starting extraction for Haryana with max 10 records","service":"rera-extractor","timestamp":"2026-04-17 10:29:12"}
{"level":"error","message":"Extraction error: scraper.extract is not a function","service":"rera-extractor","timestamp":"2026-04-17 10:29:12"}
{"level":"info","message":"Starting extraction for Haryana with max 10 records","service":"rera-extractor","timestamp":"2026-04-17 10:29:14"}
{"level":"error","message":"Extraction error: scraper.extract is not a function","service":"rera-extractor","timestamp":"2026-04-17 10:29:14"}
{"level":"info","message":"Starting extraction for Haryana with max 10 records","service":"rera-extractor","timestamp":"2026-04-17 10:32:22"}
{"level":"info","message":"Extracted 10 records for Haryana","service":"rera-extractor","timestamp":"2026-04-17 10:32:52"}
{"level":"info","message":"Starting extraction for Haryana with max 10 records","service":"rera-extractor","timestamp":"2026-04-17 11:32:11"}
{"level":"info","message":"Starting extraction for Haryana with max 100 records","service":"rera-extractor","timestamp":"2026-04-17 11:32:44"}
{"level":"info","message":"Extracted 10 records for Haryana","service":"rera-extractor","timestamp":"2026-04-17 11:33:01"}
{"level":"info","message":"Starting extraction for Haryana with max 10 records","service":"rera-extractor","timestamp":"2026-04-17 11:33:53"}
{"level":"info","message":"Starting extraction for Haryana with max 10 records","service":"rera-extractor","timestamp":"2026-04-17 11:34:02"}
{"level":"info","message":"Extracted 10 records for Haryana","service":"rera-extractor","timestamp":"2026-04-17 11:34:36"}
{"level":"info","message":"Starting extraction for Tamil Nadu with max 10 records","service":"rera-extractor","timestamp":"2026-04-17 11:56:59"}
{"level":"info","message":"Extracted 10 records for Tamil Nadu","service":"rera-extractor","timestamp":"2026-04-17 11:57:04"}
{"level":"info","message":"Starting extraction for Tamil Nadu with max 10 records","service":"rera-extractor","timestamp":"2026-04-17 11:57:56"}
{"level":"info","message":"Extracted 10 records for Tamil Nadu","service":"rera-extractor","timestamp":"2026-04-17 11:58:00"}
{"level":"info","message":"Starting extraction for Tamil Nadu with max 10 records","service":"rera-extractor","timestamp":"2026-04-17 12:03:12"}
{"level":"info","message":"Extracted 10 records for Tamil Nadu","service":"rera-extractor","timestamp":"2026-04-17 12:03:35"}
{"level":"info","message":"Starting extraction for Tamil Nadu with max 10 records","service":"rera-extractor","timestamp":"2026-04-17 12:09:23"}
{"level":"info","message":"Extracted 10 records for Tamil Nadu","service":"rera-extractor","timestamp":"2026-04-17 12:09:48"}
{"level":"info","message":"Starting extraction for Tamil Nadu with max 10 records","service":"rera-extractor","timestamp":"2026-04-17 12:10:45"}
{"level":"info","message":"Extracted 10 records for Tamil Nadu","service":"rera-extractor","timestamp":"2026-04-17 12:11:07"}
{"level":"info","message":"Starting extraction for Tamil Nadu with max 10 records","service":"rera-extractor","timestamp":"2026-04-17 12:12:20"}
{"level":"info","message":"Extracted 10 records for Tamil Nadu","service":"rera-extractor","timestamp":"2026-04-17 12:12:45"}
{"level":"info","message":"Starting extraction for Tamil Nadu with max 10 records","service":"rera-extractor","timestamp":"2026-04-17 12:30:38"}
{"level":"info","message":"Extracted 10 records for Tamil Nadu","service":"rera-extractor","timestamp":"2026-04-17 12:31:03"}
{"level":"info","message":"Starting extraction for Tamil Nadu with max 10 records","service":"rera-extractor","timestamp":"2026-04-17 12:33:56"}
{"level":"info","message":"Extracted 10 records for Tamil Nadu","service":"rera-extractor","timestamp":"2026-04-17 12:34:23"}
{"level":"info","message":"Starting extraction for Tamil Nadu with max 10 records","service":"rera-extractor","timestamp":"2026-04-17 12:34:57"}
{"level":"info","message":"Extracted 10 records for Tamil Nadu","service":"rera-extractor","timestamp":"2026-04-17 12:35:22"}
{"level":"info","message":"Starting extraction for Tamil Nadu with max 10 records","service":"rera-extractor","timestamp":"2026-04-17 12:37:58"}
{"level":"info","message":"Extracted 10 records for Tamil Nadu","service":"rera-extractor","timestamp":"2026-04-17 12:38:22"}
{"level":"info","message":"Starting extraction for Tamil Nadu with max 10 records","service":"rera-extractor","timestamp":"2026-04-17 12:42:33"}
{"level":"info","message":"Extracted 0 records for Tamil Nadu","service":"rera-extractor","timestamp":"2026-04-17 12:42:37"}
{"level":"info","message":"Starting extraction for Tamil Nadu with max 10 records","service":"rera-extractor","timestamp":"2026-04-17 12:49:36"}
{"level":"info","message":"Extracted 10 records for Tamil Nadu","service":"rera-extractor","timestamp":"2026-04-17 12:50:01"}
{"level":"info","message":"Starting extraction for Tamil Nadu with max 10 records","service":"rera-extractor","timestamp":"2026-04-17 12:54:50"}
{"level":"info","message":"Extracted 10 records for Tamil Nadu","service":"rera-extractor","timestamp":"2026-04-17 12:55:18"}
{"level":"info","message":"Starting extraction for Tamil Nadu with max 10 records","service":"rera-extractor","timestamp":"2026-04-17 12:56:40"}
{"level":"info","message":"Extracted 10 records for Tamil Nadu","service":"rera-extractor","timestamp":"2026-04-17 12:57:09"}
{"level":"info","message":"Starting extraction for Tamil Nadu with max 10 records","service":"rera-extractor","timestamp":"2026-04-17 13:03:24"}
{"level":"info","message":"Extracted 10 records for Tamil Nadu","service":"rera-extractor","timestamp":"2026-04-17 13:03:50"}
{"level":"info","message":"Starting extraction for Tamil Nadu with max 10 records","service":"rera-extractor","timestamp":"2026-04-17 13:10:53"}
{"level":"info","message":"Extracted 0 records for Tamil Nadu","service":"rera-extractor","timestamp":"2026-04-17 13:11:00"}
{"level":"info","message":"Starting extraction for Tamil Nadu with max 10 records","service":"rera-extractor","timestamp":"2026-04-17 13:13:01"}
{"level":"info","message":"Extracted 10 records for Tamil Nadu","service":"rera-extractor","timestamp":"2026-04-17 13:13:23"}
{"level":"info","message":"Starting extraction for Tamil Nadu with max 10 records","service":"rera-extractor","timestamp":"2026-04-17 13:13:42"}
{"level":"info","message":"Extracted 10 records for Tamil Nadu","service":"rera-extractor","timestamp":"2026-04-17 13:14:03"}
